<?xml version="1.0" encoding="UTF-8"?>
<!-- Generated by org.testng.reporters.JUnitReportReporter -->
<testsuite hostname="DESKTOP-02B7742" failures="0" tests="1" name="Practice.SeleniumBasics.FramesPractice" time="9.366" errors="0" timestamp="2025-05-28T18:51:43 IST" skipped="0">
  <testcase classname="Practice.SeleniumBasics.FramesPractice" name="main" time="9.366"/>
</testsuite> <!-- Practice.SeleniumBasics.FramesPractice -->
