<?xml version="1.0" encoding="UTF-8"?>
<!-- Generated by org.testng.reporters.JUnitReportReporter -->
<testsuite hostname="DESKTOP-02B7742" failures="0" tests="1" name="Practice.SeleniumBasics.AlertsPractice" time="22.230" errors="0" timestamp="2025-05-28T18:51:43 IST" skipped="0">
  <testcase classname="Practice.SeleniumBasics.AlertsPractice" name="main" time="22.230"/>
</testsuite> <!-- Practice.SeleniumBasics.AlertsPractice -->
